Start testing: Apr 14 10:14 Rom, sommertid
----------------------------------------------------------
1/10 Testing: QualityServiceTest.GradeBoundaries
1/10 Test: QualityServiceTest.GradeBoundaries
Command: "C:/Users/Rumle/Downloads/itt-cicd-case-project-main/build/quality_service_tests.exe" "--gtest_filter=QualityServiceTest.GradeBoundaries" "--gtest_also_run_disabled_tests"
Directory: C:/Users/Rumle/Downloads/itt-cicd-case-project-main/build
"QualityServiceTest.GradeBoundaries" start time: Apr 14 10:14 Rom, sommertid
Output:
----------------------------------------------------------
Running main() from C:\Users\Rumle\Downloads\itt-cicd-case-project-main\build\_deps\googletest-src\googletest\src\gtest_main.cc
Note: Google Test filter = QualityServiceTest.GradeBoundaries
[==========] Running 1 test from 1 test suite.
[----------] Global test environment set-up.
[----------] 1 test from QualityServiceTest
[ RUN      ] QualityServiceTest.GradeBoundaries
[       OK ] QualityServiceTest.GradeBoundaries (0 ms)
[----------] 1 test from QualityServiceTest (0 ms total)

[----------] Global test environment tear-down
[==========] 1 test from 1 test suite ran. (0 ms total)
[  PASSED  ] 1 test.
<end of output>
Test time =   0.01 sec
----------------------------------------------------------
Test Passed.
"QualityServiceTest.GradeBoundaries" end time: Apr 14 10:14 Rom, sommertid
"QualityServiceTest.GradeBoundaries" time elapsed: 00:00:00
----------------------------------------------------------

2/10 Testing: QualityServiceTest.DiscountBoundaries
2/10 Test: QualityServiceTest.DiscountBoundaries
Command: "C:/Users/Rumle/Downloads/itt-cicd-case-project-main/build/quality_service_tests.exe" "--gtest_filter=QualityServiceTest.DiscountBoundaries" "--gtest_also_run_disabled_tests"
Directory: C:/Users/Rumle/Downloads/itt-cicd-case-project-main/build
"QualityServiceTest.DiscountBoundaries" start time: Apr 14 10:14 Rom, sommertid
Output:
----------------------------------------------------------
Running main() from C:\Users\Rumle\Downloads\itt-cicd-case-project-main\build\_deps\googletest-src\googletest\src\gtest_main.cc
Note: Google Test filter = QualityServiceTest.DiscountBoundaries
[==========] Running 1 test from 1 test suite.
[----------] Global test environment set-up.
[----------] 1 test from QualityServiceTest
[ RUN      ] QualityServiceTest.DiscountBoundaries
[       OK ] QualityServiceTest.DiscountBoundaries (0 ms)
[----------] 1 test from QualityServiceTest (0 ms total)

[----------] Global test environment tear-down
[==========] 1 test from 1 test suite ran. (0 ms total)
[  PASSED  ] 1 test.
<end of output>
Test time =   0.01 sec
----------------------------------------------------------
Test Passed.
"QualityServiceTest.DiscountBoundaries" end time: Apr 14 10:14 Rom, sommertid
"QualityServiceTest.DiscountBoundaries" time elapsed: 00:00:00
----------------------------------------------------------

3/10 Testing: QualityServiceTest.DiscountCombinationRules
3/10 Test: QualityServiceTest.DiscountCombinationRules
Command: "C:/Users/Rumle/Downloads/itt-cicd-case-project-main/build/quality_service_tests.exe" "--gtest_filter=QualityServiceTest.DiscountCombinationRules" "--gtest_also_run_disabled_tests"
Directory: C:/Users/Rumle/Downloads/itt-cicd-case-project-main/build
"QualityServiceTest.DiscountCombinationRules" start time: Apr 14 10:14 Rom, sommertid
Output:
----------------------------------------------------------
Running main() from C:\Users\Rumle\Downloads\itt-cicd-case-project-main\build\_deps\googletest-src\googletest\src\gtest_main.cc
Note: Google Test filter = QualityServiceTest.DiscountCombinationRules
[==========] Running 1 test from 1 test suite.
[----------] Global test environment set-up.
[----------] 1 test from QualityServiceTest
[ RUN      ] QualityServiceTest.DiscountCombinationRules
[       OK ] QualityServiceTest.DiscountCombinationRules (0 ms)
[----------] 1 test from QualityServiceTest (0 ms total)

[----------] Global test environment tear-down
[==========] 1 test from 1 test suite ran. (0 ms total)
[  PASSED  ] 1 test.
<end of output>
Test time =   0.01 sec
----------------------------------------------------------
Test Passed.
"QualityServiceTest.DiscountCombinationRules" end time: Apr 14 10:14 Rom, sommertid
"QualityServiceTest.DiscountCombinationRules" time elapsed: 00:00:00
----------------------------------------------------------

4/10 Testing: QualityServiceTest.BookingRules
4/10 Test: QualityServiceTest.BookingRules
Command: "C:/Users/Rumle/Downloads/itt-cicd-case-project-main/build/quality_service_tests.exe" "--gtest_filter=QualityServiceTest.BookingRules" "--gtest_also_run_disabled_tests"
Directory: C:/Users/Rumle/Downloads/itt-cicd-case-project-main/build
"QualityServiceTest.BookingRules" start time: Apr 14 10:14 Rom, sommertid
Output:
----------------------------------------------------------
Running main() from C:\Users\Rumle\Downloads\itt-cicd-case-project-main\build\_deps\googletest-src\googletest\src\gtest_main.cc
Note: Google Test filter = QualityServiceTest.BookingRules
[==========] Running 1 test from 1 test suite.
[----------] Global test environment set-up.
[----------] 1 test from QualityServiceTest
[ RUN      ] QualityServiceTest.BookingRules
[       OK ] QualityServiceTest.BookingRules (0 ms)
[----------] 1 test from QualityServiceTest (0 ms total)

[----------] Global test environment tear-down
[==========] 1 test from 1 test suite ran. (0 ms total)
[  PASSED  ] 1 test.
<end of output>
Test time =   0.01 sec
----------------------------------------------------------
Test Passed.
"QualityServiceTest.BookingRules" end time: Apr 14 10:14 Rom, sommertid
"QualityServiceTest.BookingRules" time elapsed: 00:00:00
----------------------------------------------------------

5/10 Testing: QualityServiceTest.UsernameRules
5/10 Test: QualityServiceTest.UsernameRules
Command: "C:/Users/Rumle/Downloads/itt-cicd-case-project-main/build/quality_service_tests.exe" "--gtest_filter=QualityServiceTest.UsernameRules" "--gtest_also_run_disabled_tests"
Directory: C:/Users/Rumle/Downloads/itt-cicd-case-project-main/build
"QualityServiceTest.UsernameRules" start time: Apr 14 10:14 Rom, sommertid
Output:
----------------------------------------------------------
Running main() from C:\Users\Rumle\Downloads\itt-cicd-case-project-main\build\_deps\googletest-src\googletest\src\gtest_main.cc
Note: Google Test filter = QualityServiceTest.UsernameRules
[==========] Running 1 test from 1 test suite.
[----------] Global test environment set-up.
[----------] 1 test from QualityServiceTest
[ RUN      ] QualityServiceTest.UsernameRules
[       OK ] QualityServiceTest.UsernameRules (0 ms)
[----------] 1 test from QualityServiceTest (0 ms total)

[----------] Global test environment tear-down
[==========] 1 test from 1 test suite ran. (0 ms total)
[  PASSED  ] 1 test.
<end of output>
Test time =   0.01 sec
----------------------------------------------------------
Test Passed.
"QualityServiceTest.UsernameRules" end time: Apr 14 10:14 Rom, sommertid
"QualityServiceTest.UsernameRules" time elapsed: 00:00:00
----------------------------------------------------------

6/10 Testing: QualityServiceTest.UsernameLength
6/10 Test: QualityServiceTest.UsernameLength
Command: "C:/Users/Rumle/Downloads/itt-cicd-case-project-main/build/quality_service_tests.exe" "--gtest_filter=QualityServiceTest.UsernameLength" "--gtest_also_run_disabled_tests"
Directory: C:/Users/Rumle/Downloads/itt-cicd-case-project-main/build
"QualityServiceTest.UsernameLength" start time: Apr 14 10:14 Rom, sommertid
Output:
----------------------------------------------------------
Running main() from C:\Users\Rumle\Downloads\itt-cicd-case-project-main\build\_deps\googletest-src\googletest\src\gtest_main.cc
Note: Google Test filter = QualityServiceTest.UsernameLength
[==========] Running 1 test from 1 test suite.
[----------] Global test environment set-up.
[----------] 1 test from QualityServiceTest
[ RUN      ] QualityServiceTest.UsernameLength
[       OK ] QualityServiceTest.UsernameLength (0 ms)
[----------] 1 test from QualityServiceTest (0 ms total)

[----------] Global test environment tear-down
[==========] 1 test from 1 test suite ran. (0 ms total)
[  PASSED  ] 1 test.
<end of output>
Test time =   0.01 sec
----------------------------------------------------------
Test Passed.
"QualityServiceTest.UsernameLength" end time: Apr 14 10:14 Rom, sommertid
"QualityServiceTest.UsernameLength" time elapsed: 00:00:00
----------------------------------------------------------

7/10 Testing: QualityServiceTest.SensorAverageUsesPreciseDivision
7/10 Test: QualityServiceTest.SensorAverageUsesPreciseDivision
Command: "C:/Users/Rumle/Downloads/itt-cicd-case-project-main/build/quality_service_tests.exe" "--gtest_filter=QualityServiceTest.SensorAverageUsesPreciseDivision" "--gtest_also_run_disabled_tests"
Directory: C:/Users/Rumle/Downloads/itt-cicd-case-project-main/build
"QualityServiceTest.SensorAverageUsesPreciseDivision" start time: Apr 14 10:14 Rom, sommertid
Output:
----------------------------------------------------------
Running main() from C:\Users\Rumle\Downloads\itt-cicd-case-project-main\build\_deps\googletest-src\googletest\src\gtest_main.cc
Note: Google Test filter = QualityServiceTest.SensorAverageUsesPreciseDivision
[==========] Running 1 test from 1 test suite.
[----------] Global test environment set-up.
[----------] 1 test from QualityServiceTest
[ RUN      ] QualityServiceTest.SensorAverageUsesPreciseDivision
[       OK ] QualityServiceTest.SensorAverageUsesPreciseDivision (0 ms)
[----------] 1 test from QualityServiceTest (0 ms total)

[----------] Global test environment tear-down
[==========] 1 test from 1 test suite ran. (0 ms total)
[  PASSED  ] 1 test.
<end of output>
Test time =   0.01 sec
----------------------------------------------------------
Test Passed.
"QualityServiceTest.SensorAverageUsesPreciseDivision" end time: Apr 14 10:14 Rom, sommertid
"QualityServiceTest.SensorAverageUsesPreciseDivision" time elapsed: 00:00:00
----------------------------------------------------------

8/10 Testing: QualityServiceTest.SensorAverageNegative
8/10 Test: QualityServiceTest.SensorAverageNegative
Command: "C:/Users/Rumle/Downloads/itt-cicd-case-project-main/build/quality_service_tests.exe" "--gtest_filter=QualityServiceTest.SensorAverageNegative" "--gtest_also_run_disabled_tests"
Directory: C:/Users/Rumle/Downloads/itt-cicd-case-project-main/build
"QualityServiceTest.SensorAverageNegative" start time: Apr 14 10:14 Rom, sommertid
Output:
----------------------------------------------------------
Running main() from C:\Users\Rumle\Downloads\itt-cicd-case-project-main\build\_deps\googletest-src\googletest\src\gtest_main.cc
Note: Google Test filter = QualityServiceTest.SensorAverageNegative
[==========] Running 1 test from 1 test suite.
[----------] Global test environment set-up.
[----------] 1 test from QualityServiceTest
[ RUN      ] QualityServiceTest.SensorAverageNegative
[       OK ] QualityServiceTest.SensorAverageNegative (0 ms)
[----------] 1 test from QualityServiceTest (0 ms total)

[----------] Global test environment tear-down
[==========] 1 test from 1 test suite ran. (0 ms total)
[  PASSED  ] 1 test.
<end of output>
Test time =   0.01 sec
----------------------------------------------------------
Test Passed.
"QualityServiceTest.SensorAverageNegative" end time: Apr 14 10:14 Rom, sommertid
"QualityServiceTest.SensorAverageNegative" time elapsed: 00:00:00
----------------------------------------------------------

9/10 Testing: QualityServiceTest.SensorHealthDetectsWarningAndUnstable
9/10 Test: QualityServiceTest.SensorHealthDetectsWarningAndUnstable
Command: "C:/Users/Rumle/Downloads/itt-cicd-case-project-main/build/quality_service_tests.exe" "--gtest_filter=QualityServiceTest.SensorHealthDetectsWarningAndUnstable" "--gtest_also_run_disabled_tests"
Directory: C:/Users/Rumle/Downloads/itt-cicd-case-project-main/build
"QualityServiceTest.SensorHealthDetectsWarningAndUnstable" start time: Apr 14 10:14 Rom, sommertid
Output:
----------------------------------------------------------
Running main() from C:\Users\Rumle\Downloads\itt-cicd-case-project-main\build\_deps\googletest-src\googletest\src\gtest_main.cc
Note: Google Test filter = QualityServiceTest.SensorHealthDetectsWarningAndUnstable
[==========] Running 1 test from 1 test suite.
[----------] Global test environment set-up.
[----------] 1 test from QualityServiceTest
[ RUN      ] QualityServiceTest.SensorHealthDetectsWarningAndUnstable
[       OK ] QualityServiceTest.SensorHealthDetectsWarningAndUnstable (0 ms)
[----------] 1 test from QualityServiceTest (0 ms total)

[----------] Global test environment tear-down
[==========] 1 test from 1 test suite ran. (0 ms total)
[  PASSED  ] 1 test.
<end of output>
Test time =   0.01 sec
----------------------------------------------------------
Test Passed.
"QualityServiceTest.SensorHealthDetectsWarningAndUnstable" end time: Apr 14 10:14 Rom, sommertid
"QualityServiceTest.SensorHealthDetectsWarningAndUnstable" time elapsed: 00:00:00
----------------------------------------------------------

10/10 Testing: QualityServiceTest.SensorHealthOK
10/10 Test: QualityServiceTest.SensorHealthOK
Command: "C:/Users/Rumle/Downloads/itt-cicd-case-project-main/build/quality_service_tests.exe" "--gtest_filter=QualityServiceTest.SensorHealthOK" "--gtest_also_run_disabled_tests"
Directory: C:/Users/Rumle/Downloads/itt-cicd-case-project-main/build
"QualityServiceTest.SensorHealthOK" start time: Apr 14 10:14 Rom, sommertid
Output:
----------------------------------------------------------
Running main() from C:\Users\Rumle\Downloads\itt-cicd-case-project-main\build\_deps\googletest-src\googletest\src\gtest_main.cc
Note: Google Test filter = QualityServiceTest.SensorHealthOK
[==========] Running 1 test from 1 test suite.
[----------] Global test environment set-up.
[----------] 1 test from QualityServiceTest
[ RUN      ] QualityServiceTest.SensorHealthOK
[       OK ] QualityServiceTest.SensorHealthOK (0 ms)
[----------] 1 test from QualityServiceTest (0 ms total)

[----------] Global test environment tear-down
[==========] 1 test from 1 test suite ran. (0 ms total)
[  PASSED  ] 1 test.
<end of output>
Test time =   0.01 sec
----------------------------------------------------------
Test Passed.
"QualityServiceTest.SensorHealthOK" end time: Apr 14 10:14 Rom, sommertid
"QualityServiceTest.SensorHealthOK" time elapsed: 00:00:00
----------------------------------------------------------

End testing: Apr 14 10:14 Rom, sommertid
